TN:
SF:client\src\components\Button.jsx
FN:3,(anonymous_0)
FNF:1
FNH:1
FNDA:12,(anonymous_0)
DA:3,1
DA:13,12
DA:14,12
DA:15,12
DA:17,12
DA:24,12
LF:6
LH:6
BRDA:6,0,0,10
BRDA:7,1,0,9
BRDA:8,2,0,9
BRDA:9,3,0,12
BRDA:10,4,0,11
BRDA:15,5,0,2
BRDA:15,5,1,10
BRF:7
BRH:7
end_of_record
TN:
SF:server\src\app.js
FNF:0
FNH:0
DA:1,1
DA:2,1
DA:4,1
DA:7,1
DA:8,1
DA:10,1
LF:6
LH:6
BRF:0
BRH:0
end_of_record
TN:
SF:server\src\middleware\auth.js
FN:3,(anonymous_0)
FNF:1
FNH:1
FNDA:8,(anonymous_0)
DA:1,1
DA:3,1
DA:4,8
DA:5,8
DA:7,8
DA:8,3
DA:11,5
DA:15,5
DA:16,0
DA:20,5
DA:21,5
DA:23,0
DA:27,1
LF:13
LH:11
BRDA:7,0,0,3
BRDA:7,0,1,5
BRDA:7,1,0,8
BRDA:7,1,1,5
BRDA:15,2,0,0
BRDA:15,2,1,5
BRF:6
BRH:5
end_of_record
TN:
SF:server\src\models\Post.js
FNF:0
FNH:0
DA:1,1
DA:3,1
DA:32,1
LF:3
LH:3
BRF:0
BRH:0
end_of_record
TN:
SF:server\src\models\User.js
FNF:0
FNH:0
DA:1,1
DA:3,1
DA:20,1
LF:3
LH:3
BRF:0
BRH:0
end_of_record
TN:
SF:server\src\routes\postRoutes.js
FN:7,(anonymous_0)
FN:17,(anonymous_1)
FN:30,(anonymous_2)
FN:41,(anonymous_3)
FN:58,(anonymous_4)
FNF:5
FNH:5
FNDA:3,(anonymous_0)
FNDA:2,(anonymous_1)
FNDA:2,(anonymous_2)
FNDA:2,(anonymous_3)
FNDA:1,(anonymous_4)
DA:1,1
DA:2,1
DA:3,1
DA:4,1
DA:7,1
DA:8,3
DA:9,3
DA:10,3
DA:12,0
DA:17,1
DA:18,2
DA:19,2
DA:20,2
DA:21,1
DA:23,1
DA:25,0
DA:30,1
DA:31,2
DA:32,2
DA:33,2
DA:34,1
DA:36,1
DA:41,1
DA:42,2
DA:43,2
DA:48,2
DA:49,1
DA:51,1
DA:53,0
DA:58,1
DA:59,1
DA:60,1
DA:61,1
DA:62,0
DA:64,1
DA:66,0
DA:70,1
LF:37
LH:32
BRDA:20,0,0,1
BRDA:20,0,1,1
BRDA:48,1,0,1
BRDA:48,1,1,1
BRDA:61,2,0,0
BRDA:61,2,1,1
BRF:6
BRH:5
end_of_record
TN:
SF:server\src\utils\auth.js
FN:1,(anonymous_0)
FNF:1
FNH:1
FNDA:2,(anonymous_0)
DA:1,1
DA:3,2
DA:6,1
LF:3
LH:3
BRF:0
BRH:0
end_of_record
